<?xml version="1.0" encoding="UTF-8"?>
<testng-results skipped="0" failed="0" ignored="0" total="1" passed="1">
  <reporter-output>
  </reporter-output>
  <suite name="Default suite" duration-ms="12893" started-at="2022-01-29T16:55:29 CST" finished-at="2022-01-29T16:55:42 CST">
    <groups>
    </groups>
    <test name="Default test" duration-ms="12893" started-at="2022-01-29T16:55:29 CST" finished-at="2022-01-29T16:55:42 CST">
      <class name="test.UsershouldBeUnableToDuplicateTest">
        <test-method status="PASS" signature="usershouldBeUnableToDuplicateTest()[pri:0, instance:test.UsershouldBeUnableToDuplicateTest@15d0c81b]" name="usershouldBeUnableToDuplicateTest" duration-ms="12856" started-at="2022-01-29T16:55:29 CST" finished-at="2022-01-29T16:55:42 CST">
          <reporter-output>
          </reporter-output>
        </test-method> <!-- usershouldBeUnableToDuplicateTest -->
      </class> <!-- test.UsershouldBeUnableToDuplicateTest -->
    </test> <!-- Default test -->
  </suite> <!-- Default suite -->
</testng-results>
